Compiled jquery.js  (1ms)  (pid 7496)
Compiled jquery_ujs.js  (0ms)  (pid 7496)
Compiled tinymce/preinit.js  (0ms)  (pid 7496)
Compiled tinymce/tiny_mce_jquery_src.js  (3ms)  (pid 7496)
Compiled tinymce/jquery.tinymce.js  (0ms)  (pid 7496)
Compiled tinymce-jquery.js  (31ms)  (pid 7496)
Compiled articles.js  (98ms)  (pid 7496)
Compiled application.js  (163ms)  (pid 7496)
Compiled articles.css  (11ms)  (pid 7496)
Compiled scaffolds.css  (6ms)  (pid 7496)
Compiled application.css  (24ms)  (pid 7496)
Compiled tinymce/tiny_mce_src.js  (3ms)  (pid 7496)
Compiled tinymce.js  (10ms)  (pid 7496)
Compiled jquery.js  (1ms)  (pid 7496)
Compiled jquery_ujs.js  (0ms)  (pid 7496)
Compiled tinymce/preinit.js  (0ms)  (pid 7496)
Compiled tinymce/tiny_mce_jquery_src.js  (3ms)  (pid 7496)
Compiled tinymce/jquery.tinymce.js  (0ms)  (pid 7496)
Compiled tinymce-jquery.js  (32ms)  (pid 7496)
Compiled articles.js  (57ms)  (pid 7496)
Compiled application.js  (125ms)  (pid 7496)
Compiled articles.css  (12ms)  (pid 7496)
Compiled scaffolds.css  (6ms)  (pid 7496)
Compiled application.css  (26ms)  (pid 7496)
Compiled tinymce/tiny_mce_src.js  (3ms)  (pid 7496)
Compiled tinymce.js  (9ms)  (pid 7496)
Compiled jquery.js  (1ms)  (pid 8526)
Compiled jquery_ujs.js  (0ms)  (pid 8526)
Compiled tinymce/preinit.js  (0ms)  (pid 8526)
Compiled tinymce/tiny_mce_jquery_src.js  (3ms)  (pid 8526)
Compiled tinymce/jquery.tinymce.js  (0ms)  (pid 8526)
Compiled tinymce-jquery.js  (33ms)  (pid 8526)
Compiled articles.js  (59ms)  (pid 8526)
Compiled application.js  (126ms)  (pid 8526)
Compiled articles.css  (12ms)  (pid 8526)
Compiled application.css  (15ms)  (pid 8526)
Compiled tinymce/tiny_mce_src.js  (3ms)  (pid 8526)
Compiled tinymce.js  (10ms)  (pid 8526)
Compiled jquery.js  (1ms)  (pid 8526)
Compiled jquery_ujs.js  (0ms)  (pid 8526)
Compiled tinymce/preinit.js  (0ms)  (pid 8526)
Compiled tinymce/tiny_mce_jquery_src.js  (3ms)  (pid 8526)
Compiled tinymce/jquery.tinymce.js  (0ms)  (pid 8526)
Compiled tinymce-jquery.js  (32ms)  (pid 8526)
Compiled articles.js  (56ms)  (pid 8526)
Compiled application.js  (124ms)  (pid 8526)
Compiled articles.css  (13ms)  (pid 8526)
Compiled application.css  (16ms)  (pid 8526)
Compiled tinymce/tiny_mce_src.js  (3ms)  (pid 8526)
Compiled tinymce.js  (11ms)  (pid 8526)
